<?xml version="1.0" encoding="UTF-8"?>
<testng-results ignored="0" total="1" passed="1" failed="0" skipped="0">
  <reporter-output>
  </reporter-output>
  <suite started-at="2022-12-20T11:48:19 CET" name="Default suite" finished-at="2022-12-20T11:48:33 CET" duration-ms="14430">
    <groups>
      <group name="cucumber">
        <method signature="AbstractTestNGCucumberTests.feature(cucumber.api.testng.CucumberFeatureWrapper)[pri:0, instance:com.TestRunnerBOA.qa.DemoBOARunner@548a24a]" name="feature" class="cucumber.api.testng.AbstractTestNGCucumberTests"/>
      </group> <!-- cucumber -->
    </groups>
    <test started-at="2022-12-20T11:48:19 CET" name="Default test" finished-at="2022-12-20T11:48:33 CET" duration-ms="14430">
      <class name="com.TestRunnerBOA.qa.DemoBOARunner">
        <test-method is-config="true" signature="startURL()[pri:0, instance:com.TestRunnerBOA.qa.DemoBOARunner@548a24a]" started-at="2022-12-20T11:48:19 CET" name="startURL" finished-at="2022-12-20T11:48:24 CET" duration-ms="5085" status="PASS">
          <reporter-output>
          </reporter-output>
        </test-method> <!-- startURL -->
        <test-method is-config="true" signature="setUpClass()[pri:0, instance:com.TestRunnerBOA.qa.DemoBOARunner@548a24a]" started-at="2022-12-20T11:48:24 CET" name="setUpClass" finished-at="2022-12-20T11:48:24 CET" duration-ms="387" status="PASS">
          <reporter-output>
          </reporter-output>
        </test-method> <!-- setUpClass -->
        <test-method signature="feature(cucumber.api.testng.CucumberFeatureWrapper)[pri:0, instance:com.TestRunnerBOA.qa.DemoBOARunner@548a24a]" started-at="2022-12-20T11:48:24 CET" name="feature" description="Runs Cucumber Feature" data-provider="features" finished-at="2022-12-20T11:48:32 CET" duration-ms="7602" status="PASS">
          <params>
            <param index="0">
              <value>
                <![CDATA[This is a Security and help feature file]]>
              </value>
            </param>
          </params>
          <reporter-output>
          </reporter-output>
        </test-method> <!-- feature -->
        <test-method is-config="true" signature="tearDownClass()[pri:0, instance:com.TestRunnerBOA.qa.DemoBOARunner@548a24a]" started-at="2022-12-20T11:48:32 CET" name="tearDownClass" finished-at="2022-12-20T11:48:32 CET" duration-ms="51" status="PASS">
          <reporter-output>
          </reporter-output>
        </test-method> <!-- tearDownClass -->
        <test-method is-config="true" signature="closeURL()[pri:0, instance:com.TestRunnerBOA.qa.DemoBOARunner@548a24a]" started-at="2022-12-20T11:48:32 CET" name="closeURL" finished-at="2022-12-20T11:48:33 CET" duration-ms="979" status="PASS">
          <reporter-output>
          </reporter-output>
        </test-method> <!-- closeURL -->
      </class> <!-- com.TestRunnerBOA.qa.DemoBOARunner -->
    </test> <!-- Default test -->
  </suite> <!-- Default suite -->
</testng-results>
